mode: set
github.com/Notifuse/notifuse/internal/domain/contact.go:72.38,73.52 1 1
github.com/Notifuse/notifuse/internal/domain/contact.go:73.52,75.3 1 1
github.com/Notifuse/notifuse/internal/domain/contact.go:76.2,76.13 1 1
github.com/Notifuse/notifuse/internal/domain/contact.go:80.36,82.19 1 1
github.com/Notifuse/notifuse/internal/domain/contact.go:82.19,84.3 1 1
github.com/Notifuse/notifuse/internal/domain/contact.go:86.2,86.28 1 1
github.com/Notifuse/notifuse/internal/domain/contact.go:86.28,88.3 1 1
github.com/Notifuse/notifuse/internal/domain/contact.go:90.2,90.12 1 1
github.com/Notifuse/notifuse/internal/domain/contact.go:145.22,186.16 2 1
github.com/Notifuse/notifuse/internal/domain/contact.go:186.16,188.3 1 1
github.com/Notifuse/notifuse/internal/domain/contact.go:190.2,321.67 2 1
github.com/Notifuse/notifuse/internal/domain/contact.go:321.67,323.64 2 1
github.com/Notifuse/notifuse/internal/domain/contact.go:323.64,325.4 1 1
github.com/Notifuse/notifuse/internal/domain/contact.go:327.2,327.67 1 1
github.com/Notifuse/notifuse/internal/domain/contact.go:327.67,329.64 2 1
github.com/Notifuse/notifuse/internal/domain/contact.go:329.64,331.4 1 1
github.com/Notifuse/notifuse/internal/domain/contact.go:333.2,333.67 1 1
github.com/Notifuse/notifuse/internal/domain/contact.go:333.67,335.64 2 1
github.com/Notifuse/notifuse/internal/domain/contact.go:335.64,337.4 1 1
github.com/Notifuse/notifuse/internal/domain/contact.go:339.2,339.67 1 1
github.com/Notifuse/notifuse/internal/domain/contact.go:339.67,341.64 2 1
github.com/Notifuse/notifuse/internal/domain/contact.go:341.64,343.4 1 1
github.com/Notifuse/notifuse/internal/domain/contact.go:345.2,345.67 1 1
github.com/Notifuse/notifuse/internal/domain/contact.go:345.67,347.64 2 1
github.com/Notifuse/notifuse/internal/domain/contact.go:347.64,349.4 1 1
github.com/Notifuse/notifuse/internal/domain/contact.go:352.2,352.15 1 1
github.com/Notifuse/notifuse/internal/domain/contact.go:373.82,384.16 9 1
github.com/Notifuse/notifuse/internal/domain/contact.go:384.16,386.3 1 1
github.com/Notifuse/notifuse/internal/domain/contact.go:387.2,390.57 2 1
github.com/Notifuse/notifuse/internal/domain/contact.go:390.57,392.3 1 1
github.com/Notifuse/notifuse/internal/domain/contact.go:394.2,394.12 1 1
github.com/Notifuse/notifuse/internal/domain/contact.go:404.47,405.25 1 1
github.com/Notifuse/notifuse/internal/domain/contact.go:405.25,407.3 1 1
github.com/Notifuse/notifuse/internal/domain/contact.go:410.2,410.18 1 1
github.com/Notifuse/notifuse/internal/domain/contact.go:410.18,412.3 1 1
github.com/Notifuse/notifuse/internal/domain/contact.go:415.2,415.19 1 1
github.com/Notifuse/notifuse/internal/domain/contact.go:415.19,417.3 1 1
github.com/Notifuse/notifuse/internal/domain/contact.go:419.2,419.12 1 1
github.com/Notifuse/notifuse/internal/domain/contact.go:438.49,439.25 1 1
github.com/Notifuse/notifuse/internal/domain/contact.go:439.25,441.3 1 1
github.com/Notifuse/notifuse/internal/domain/contact.go:442.2,442.19 1 1
github.com/Notifuse/notifuse/internal/domain/contact.go:442.19,444.3 1 1
github.com/Notifuse/notifuse/internal/domain/contact.go:445.2,445.35 1 1
github.com/Notifuse/notifuse/internal/domain/contact.go:445.35,447.3 1 1
github.com/Notifuse/notifuse/internal/domain/contact.go:448.2,448.12 1 1
github.com/Notifuse/notifuse/internal/domain/contact.go:457.102,458.25 1 1
github.com/Notifuse/notifuse/internal/domain/contact.go:458.25,460.3 1 1
github.com/Notifuse/notifuse/internal/domain/contact.go:463.2,464.27 2 1
github.com/Notifuse/notifuse/internal/domain/contact.go:464.27,466.3 1 1
github.com/Notifuse/notifuse/internal/domain/contact.go:468.2,469.29 2 1
github.com/Notifuse/notifuse/internal/domain/contact.go:469.29,471.3 1 1
github.com/Notifuse/notifuse/internal/domain/contact.go:474.2,475.44 2 1
github.com/Notifuse/notifuse/internal/domain/contact.go:475.44,477.17 2 1
github.com/Notifuse/notifuse/internal/domain/contact.go:477.17,479.4 1 1
github.com/Notifuse/notifuse/internal/domain/contact.go:480.3,480.39 1 1
github.com/Notifuse/notifuse/internal/domain/contact.go:482.2,482.37 1 1
github.com/Notifuse/notifuse/internal/domain/contact.go:490.93,491.25 1 1
github.com/Notifuse/notifuse/internal/domain/contact.go:491.25,493.3 1 1
github.com/Notifuse/notifuse/internal/domain/contact.go:494.2,496.27 3 1
github.com/Notifuse/notifuse/internal/domain/contact.go:496.27,498.3 1 0
github.com/Notifuse/notifuse/internal/domain/contact.go:499.2,500.16 2 1
github.com/Notifuse/notifuse/internal/domain/contact.go:500.16,502.3 1 1
github.com/Notifuse/notifuse/internal/domain/contact.go:503.2,503.36 1 1
github.com/Notifuse/notifuse/internal/domain/contact.go:553.45,555.2 1 1
github.com/Notifuse/notifuse/internal/domain/contact.go:559.51,562.26 2 1
github.com/Notifuse/notifuse/internal/domain/contact.go:563.14,564.35 1 1
github.com/Notifuse/notifuse/internal/domain/contact.go:565.20,566.17 1 1
github.com/Notifuse/notifuse/internal/domain/contact.go:567.14,568.30 1 1
github.com/Notifuse/notifuse/internal/domain/contact.go:569.10,570.60 1 1
github.com/Notifuse/notifuse/internal/domain/contact.go:574.2,575.17 2 1
github.com/Notifuse/notifuse/internal/domain/contact.go:575.17,577.3 1 1
github.com/Notifuse/notifuse/internal/domain/contact.go:580.2,580.26 1 1
github.com/Notifuse/notifuse/internal/domain/contact.go:580.26,582.3 1 1
github.com/Notifuse/notifuse/internal/domain/contact.go:585.2,590.92 2 1
github.com/Notifuse/notifuse/internal/domain/contact.go:590.92,592.3 1 1
github.com/Notifuse/notifuse/internal/domain/contact.go:593.2,593.87 1 1
github.com/Notifuse/notifuse/internal/domain/contact.go:593.87,595.3 1 0
github.com/Notifuse/notifuse/internal/domain/contact.go:596.2,596.87 1 1
github.com/Notifuse/notifuse/internal/domain/contact.go:596.87,598.3 1 0
github.com/Notifuse/notifuse/internal/domain/contact.go:599.2,599.90 1 1
github.com/Notifuse/notifuse/internal/domain/contact.go:599.90,601.3 1 0
github.com/Notifuse/notifuse/internal/domain/contact.go:602.2,602.88 1 1
github.com/Notifuse/notifuse/internal/domain/contact.go:602.88,604.3 1 0
github.com/Notifuse/notifuse/internal/domain/contact.go:605.2,605.81 1 1
github.com/Notifuse/notifuse/internal/domain/contact.go:605.81,607.3 1 0
github.com/Notifuse/notifuse/internal/domain/contact.go:608.2,608.97 1 1
github.com/Notifuse/notifuse/internal/domain/contact.go:608.97,610.3 1 0
github.com/Notifuse/notifuse/internal/domain/contact.go:611.2,611.97 1 1
github.com/Notifuse/notifuse/internal/domain/contact.go:611.97,613.3 1 0
github.com/Notifuse/notifuse/internal/domain/contact.go:614.2,614.85 1 1
github.com/Notifuse/notifuse/internal/domain/contact.go:614.85,616.3 1 0
github.com/Notifuse/notifuse/internal/domain/contact.go:617.2,617.87 1 1
github.com/Notifuse/notifuse/internal/domain/contact.go:617.87,619.3 1 0
github.com/Notifuse/notifuse/internal/domain/contact.go:620.2,620.81 1 1
github.com/Notifuse/notifuse/internal/domain/contact.go:620.81,622.3 1 0
github.com/Notifuse/notifuse/internal/domain/contact.go:623.2,623.88 1 1
github.com/Notifuse/notifuse/internal/domain/contact.go:623.88,625.3 1 0
github.com/Notifuse/notifuse/internal/domain/contact.go:628.2,628.99 1 1
github.com/Notifuse/notifuse/internal/domain/contact.go:628.99,630.3 1 0
github.com/Notifuse/notifuse/internal/domain/contact.go:631.2,631.99 1 1
github.com/Notifuse/notifuse/internal/domain/contact.go:631.99,633.3 1 0
github.com/Notifuse/notifuse/internal/domain/contact.go:634.2,634.99 1 1
github.com/Notifuse/notifuse/internal/domain/contact.go:634.99,636.3 1 0
github.com/Notifuse/notifuse/internal/domain/contact.go:637.2,637.99 1 1
github.com/Notifuse/notifuse/internal/domain/contact.go:637.99,639.3 1 0
github.com/Notifuse/notifuse/internal/domain/contact.go:640.2,640.99 1 1
github.com/Notifuse/notifuse/internal/domain/contact.go:640.99,642.3 1 0
github.com/Notifuse/notifuse/internal/domain/contact.go:645.2,645.97 1 1
github.com/Notifuse/notifuse/internal/domain/contact.go:645.97,647.3 1 1
github.com/Notifuse/notifuse/internal/domain/contact.go:648.2,648.93 1 1
github.com/Notifuse/notifuse/internal/domain/contact.go:648.93,650.3 1 0
github.com/Notifuse/notifuse/internal/domain/contact.go:653.2,653.98 1 1
github.com/Notifuse/notifuse/internal/domain/contact.go:653.98,655.3 1 0
github.com/Notifuse/notifuse/internal/domain/contact.go:656.2,656.98 1 1
github.com/Notifuse/notifuse/internal/domain/contact.go:656.98,658.3 1 0
github.com/Notifuse/notifuse/internal/domain/contact.go:659.2,659.98 1 1
github.com/Notifuse/notifuse/internal/domain/contact.go:659.98,661.3 1 0
github.com/Notifuse/notifuse/internal/domain/contact.go:662.2,662.98 1 1
github.com/Notifuse/notifuse/internal/domain/contact.go:662.98,664.3 1 0
github.com/Notifuse/notifuse/internal/domain/contact.go:665.2,665.98 1 1
github.com/Notifuse/notifuse/internal/domain/contact.go:665.98,667.3 1 0
github.com/Notifuse/notifuse/internal/domain/contact.go:670.2,670.93 1 1
github.com/Notifuse/notifuse/internal/domain/contact.go:670.93,672.3 1 1
github.com/Notifuse/notifuse/internal/domain/contact.go:675.2,675.101 1 1
github.com/Notifuse/notifuse/internal/domain/contact.go:675.101,677.3 1 0
github.com/Notifuse/notifuse/internal/domain/contact.go:678.2,678.101 1 1
github.com/Notifuse/notifuse/internal/domain/contact.go:678.101,680.3 1 0
github.com/Notifuse/notifuse/internal/domain/contact.go:681.2,681.101 1 1
github.com/Notifuse/notifuse/internal/domain/contact.go:681.101,683.3 1 0
github.com/Notifuse/notifuse/internal/domain/contact.go:684.2,684.101 1 1
github.com/Notifuse/notifuse/internal/domain/contact.go:684.101,686.3 1 0
github.com/Notifuse/notifuse/internal/domain/contact.go:687.2,687.101 1 1
github.com/Notifuse/notifuse/internal/domain/contact.go:687.101,689.3 1 0
github.com/Notifuse/notifuse/internal/domain/contact.go:692.2,692.26 1 1
github.com/Notifuse/notifuse/internal/domain/contact.go:692.26,694.53 2 1
github.com/Notifuse/notifuse/internal/domain/contact.go:694.53,696.32 1 1
github.com/Notifuse/notifuse/internal/domain/contact.go:696.32,698.14 1 1
github.com/Notifuse/notifuse/internal/domain/contact.go:699.12,700.66 1 1
github.com/Notifuse/notifuse/internal/domain/contact.go:701.12,702.66 1 1
github.com/Notifuse/notifuse/internal/domain/contact.go:703.12,704.66 1 1
github.com/Notifuse/notifuse/internal/domain/contact.go:705.12,706.66 1 1
github.com/Notifuse/notifuse/internal/domain/contact.go:707.12,708.66 1 1
github.com/Notifuse/notifuse/internal/domain/contact.go:710.5,710.13 1 1
github.com/Notifuse/notifuse/internal/domain/contact.go:714.4,714.45 1 1
github.com/Notifuse/notifuse/internal/domain/contact.go:714.45,716.5 1 1
github.com/Notifuse/notifuse/internal/domain/contact.go:719.4,719.13 1 1
github.com/Notifuse/notifuse/internal/domain/contact.go:720.11,721.76 1 1
github.com/Notifuse/notifuse/internal/domain/contact.go:722.11,723.76 1 1
github.com/Notifuse/notifuse/internal/domain/contact.go:724.11,725.76 1 0
github.com/Notifuse/notifuse/internal/domain/contact.go:726.11,727.76 1 0
github.com/Notifuse/notifuse/internal/domain/contact.go:728.11,729.76 1 0
github.com/Notifuse/notifuse/internal/domain/contact.go:734.2,734.21 1 1
github.com/Notifuse/notifuse/internal/domain/contact.go:738.92,739.48 1 1
github.com/Notifuse/notifuse/internal/domain/contact.go:739.48,740.31 1 1
github.com/Notifuse/notifuse/internal/domain/contact.go:740.31,742.4 1 1
github.com/Notifuse/notifuse/internal/domain/contact.go:742.9,742.40 1 1
github.com/Notifuse/notifuse/internal/domain/contact.go:742.40,744.4 1 1
github.com/Notifuse/notifuse/internal/domain/contact.go:744.9,746.4 1 1
github.com/Notifuse/notifuse/internal/domain/contact.go:748.2,748.12 1 1
github.com/Notifuse/notifuse/internal/domain/contact.go:751.92,752.48 1 1
github.com/Notifuse/notifuse/internal/domain/contact.go:752.48,753.31 1 1
github.com/Notifuse/notifuse/internal/domain/contact.go:753.31,755.4 1 1
github.com/Notifuse/notifuse/internal/domain/contact.go:755.9,755.40 1 1
github.com/Notifuse/notifuse/internal/domain/contact.go:755.40,757.4 1 1
github.com/Notifuse/notifuse/internal/domain/contact.go:757.9,759.4 1 1
github.com/Notifuse/notifuse/internal/domain/contact.go:761.2,761.12 1 1
github.com/Notifuse/notifuse/internal/domain/contact.go:764.88,765.48 1 1
github.com/Notifuse/notifuse/internal/domain/contact.go:765.48,766.31 1 1
github.com/Notifuse/notifuse/internal/domain/contact.go:766.31,768.4 1 1
github.com/Notifuse/notifuse/internal/domain/contact.go:768.9,768.40 1 1
github.com/Notifuse/notifuse/internal/domain/contact.go:768.40,770.18 2 1
github.com/Notifuse/notifuse/internal/domain/contact.go:770.18,772.5 1 1
github.com/Notifuse/notifuse/internal/domain/contact.go:773.4,773.51 1 1
github.com/Notifuse/notifuse/internal/domain/contact.go:774.9,776.4 1 0
github.com/Notifuse/notifuse/internal/domain/contact.go:778.2,778.12 1 1
github.com/Notifuse/notifuse/internal/domain/contact.go:782.41,783.18 1 1
github.com/Notifuse/notifuse/internal/domain/contact.go:783.18,785.3 1 1
github.com/Notifuse/notifuse/internal/domain/contact.go:788.2,788.23 1 1
github.com/Notifuse/notifuse/internal/domain/contact.go:788.23,790.3 1 1
github.com/Notifuse/notifuse/internal/domain/contact.go:793.2,793.29 1 1
github.com/Notifuse/notifuse/internal/domain/contact.go:793.29,795.3 1 0
github.com/Notifuse/notifuse/internal/domain/contact.go:796.2,796.27 1 1
github.com/Notifuse/notifuse/internal/domain/contact.go:796.27,798.3 1 0
github.com/Notifuse/notifuse/internal/domain/contact.go:799.2,799.27 1 1
github.com/Notifuse/notifuse/internal/domain/contact.go:799.27,801.3 1 0
github.com/Notifuse/notifuse/internal/domain/contact.go:802.2,802.28 1 1
github.com/Notifuse/notifuse/internal/domain/contact.go:802.28,804.3 1 1
github.com/Notifuse/notifuse/internal/domain/contact.go:805.2,805.27 1 1
github.com/Notifuse/notifuse/internal/domain/contact.go:805.27,807.3 1 0
github.com/Notifuse/notifuse/internal/domain/contact.go:808.2,808.24 1 1
github.com/Notifuse/notifuse/internal/domain/contact.go:808.24,810.3 1 0
github.com/Notifuse/notifuse/internal/domain/contact.go:811.2,811.31 1 1
github.com/Notifuse/notifuse/internal/domain/contact.go:811.31,813.3 1 1
github.com/Notifuse/notifuse/internal/domain/contact.go:814.2,814.31 1 1
github.com/Notifuse/notifuse/internal/domain/contact.go:814.31,816.3 1 0
github.com/Notifuse/notifuse/internal/domain/contact.go:817.2,817.26 1 1
github.com/Notifuse/notifuse/internal/domain/contact.go:817.26,819.3 1 1
github.com/Notifuse/notifuse/internal/domain/contact.go:820.2,820.27 1 1
github.com/Notifuse/notifuse/internal/domain/contact.go:820.27,822.3 1 0
github.com/Notifuse/notifuse/internal/domain/contact.go:823.2,823.24 1 1
github.com/Notifuse/notifuse/internal/domain/contact.go:823.24,825.3 1 0
github.com/Notifuse/notifuse/internal/domain/contact.go:826.2,826.27 1 1
github.com/Notifuse/notifuse/internal/domain/contact.go:826.27,828.3 1 0
github.com/Notifuse/notifuse/internal/domain/contact.go:831.2,831.32 1 1
github.com/Notifuse/notifuse/internal/domain/contact.go:831.32,833.3 1 1
github.com/Notifuse/notifuse/internal/domain/contact.go:834.2,834.30 1 1
github.com/Notifuse/notifuse/internal/domain/contact.go:834.30,836.3 1 1
github.com/Notifuse/notifuse/internal/domain/contact.go:837.2,837.30 1 1
github.com/Notifuse/notifuse/internal/domain/contact.go:837.30,839.3 1 1
github.com/Notifuse/notifuse/internal/domain/contact.go:842.2,842.32 1 1
github.com/Notifuse/notifuse/internal/domain/contact.go:842.32,844.3 1 1
github.com/Notifuse/notifuse/internal/domain/contact.go:845.2,845.32 1 1
github.com/Notifuse/notifuse/internal/domain/contact.go:845.32,847.3 1 1
github.com/Notifuse/notifuse/internal/domain/contact.go:848.2,848.32 1 1
github.com/Notifuse/notifuse/internal/domain/contact.go:848.32,850.3 1 1
github.com/Notifuse/notifuse/internal/domain/contact.go:851.2,851.32 1 1
github.com/Notifuse/notifuse/internal/domain/contact.go:851.32,853.3 1 1
github.com/Notifuse/notifuse/internal/domain/contact.go:854.2,854.32 1 1
github.com/Notifuse/notifuse/internal/domain/contact.go:854.32,856.3 1 1
github.com/Notifuse/notifuse/internal/domain/contact.go:859.2,859.32 1 1
github.com/Notifuse/notifuse/internal/domain/contact.go:859.32,861.3 1 1
github.com/Notifuse/notifuse/internal/domain/contact.go:862.2,862.32 1 1
github.com/Notifuse/notifuse/internal/domain/contact.go:862.32,864.3 1 1
github.com/Notifuse/notifuse/internal/domain/contact.go:865.2,865.32 1 1
github.com/Notifuse/notifuse/internal/domain/contact.go:865.32,867.3 1 1
github.com/Notifuse/notifuse/internal/domain/contact.go:868.2,868.32 1 1
github.com/Notifuse/notifuse/internal/domain/contact.go:868.32,870.3 1 1
github.com/Notifuse/notifuse/internal/domain/contact.go:871.2,871.32 1 1
github.com/Notifuse/notifuse/internal/domain/contact.go:871.32,873.3 1 1
github.com/Notifuse/notifuse/internal/domain/contact.go:876.2,876.34 1 1
github.com/Notifuse/notifuse/internal/domain/contact.go:876.34,878.3 1 1
github.com/Notifuse/notifuse/internal/domain/contact.go:879.2,879.34 1 1
github.com/Notifuse/notifuse/internal/domain/contact.go:879.34,881.3 1 1
github.com/Notifuse/notifuse/internal/domain/contact.go:882.2,882.34 1 1
github.com/Notifuse/notifuse/internal/domain/contact.go:882.34,884.3 1 1
github.com/Notifuse/notifuse/internal/domain/contact.go:885.2,885.34 1 1
github.com/Notifuse/notifuse/internal/domain/contact.go:885.34,887.3 1 1
github.com/Notifuse/notifuse/internal/domain/contact.go:888.2,888.34 1 1
github.com/Notifuse/notifuse/internal/domain/contact.go:888.34,890.3 1 1
github.com/Notifuse/notifuse/internal/domain/contact.go:893.2,893.30 1 1
github.com/Notifuse/notifuse/internal/domain/contact.go:893.30,895.3 1 1
github.com/Notifuse/notifuse/internal/domain/contact.go:896.2,896.30 1 1
github.com/Notifuse/notifuse/internal/domain/contact.go:896.30,898.3 1 1
github.com/Notifuse/notifuse/internal/domain/contact.go:899.2,899.30 1 1
github.com/Notifuse/notifuse/internal/domain/contact.go:899.30,901.3 1 1
github.com/Notifuse/notifuse/internal/domain/contact.go:902.2,902.30 1 1
github.com/Notifuse/notifuse/internal/domain/contact.go:902.30,904.3 1 1
github.com/Notifuse/notifuse/internal/domain/contact.go:905.2,905.30 1 1
github.com/Notifuse/notifuse/internal/domain/contact.go:905.30,907.3 1 1
github.com/Notifuse/notifuse/internal/domain/contact.go:910.2,910.31 1 1
github.com/Notifuse/notifuse/internal/domain/contact.go:910.31,912.3 1 1
github.com/Notifuse/notifuse/internal/domain/contact.go:913.2,913.31 1 1
github.com/Notifuse/notifuse/internal/domain/contact.go:913.31,915.3 1 1
github.com/Notifuse/notifuse/internal/domain/contact_list.go:38.41,40.20 1 1
github.com/Notifuse/notifuse/internal/domain/contact_list.go:40.20,42.3 1 1
github.com/Notifuse/notifuse/internal/domain/contact_list.go:43.2,43.21 1 1
github.com/Notifuse/notifuse/internal/domain/contact_list.go:43.21,45.3 1 1
github.com/Notifuse/notifuse/internal/domain/contact_list.go:46.2,46.21 1 1
github.com/Notifuse/notifuse/internal/domain/contact_list.go:46.21,48.3 1 1
github.com/Notifuse/notifuse/internal/domain/contact_list.go:51.2,51.58 1 1
github.com/Notifuse/notifuse/internal/domain/contact_list.go:51.58,53.3 1 1
github.com/Notifuse/notifuse/internal/domain/contact_list.go:54.2,54.12 1 1
github.com/Notifuse/notifuse/internal/domain/contact_list.go:69.26,77.16 2 1
github.com/Notifuse/notifuse/internal/domain/contact_list.go:77.16,79.3 1 1
github.com/Notifuse/notifuse/internal/domain/contact_list.go:81.2,89.16 2 1
github.com/Notifuse/notifuse/internal/domain/contact_list.go:100.104,101.57 1 1
github.com/Notifuse/notifuse/internal/domain/contact_list.go:101.57,103.3 1 1
github.com/Notifuse/notifuse/internal/domain/contact_list.go:104.2,108.23 1 1
github.com/Notifuse/notifuse/internal/domain/contact_list.go:117.83,122.57 4 1
github.com/Notifuse/notifuse/internal/domain/contact_list.go:122.57,124.3 1 1
github.com/Notifuse/notifuse/internal/domain/contact_list.go:126.2,126.12 1 1
github.com/Notifuse/notifuse/internal/domain/contact_list.go:134.86,138.57 3 1
github.com/Notifuse/notifuse/internal/domain/contact_list.go:138.57,140.3 1 1
github.com/Notifuse/notifuse/internal/domain/contact_list.go:142.2,142.12 1 1
github.com/Notifuse/notifuse/internal/domain/contact_list.go:150.86,154.57 3 1
github.com/Notifuse/notifuse/internal/domain/contact_list.go:154.57,156.3 1 1
github.com/Notifuse/notifuse/internal/domain/contact_list.go:158.2,158.12 1 1
github.com/Notifuse/notifuse/internal/domain/contact_list.go:168.104,169.57 1 1
github.com/Notifuse/notifuse/internal/domain/contact_list.go:169.57,171.3 1 1
github.com/Notifuse/notifuse/internal/domain/contact_list.go:172.2,176.8 1 1
github.com/Notifuse/notifuse/internal/domain/contact_list.go:185.63,186.57 1 1
github.com/Notifuse/notifuse/internal/domain/contact_list.go:186.57,188.3 1 1
github.com/Notifuse/notifuse/internal/domain/contact_list.go:189.2,189.12 1 1
github.com/Notifuse/notifuse/internal/domain/contact_list.go:238.49,240.2 1 1
github.com/Notifuse/notifuse/internal/domain/list.go:25.33,26.57 1 1
github.com/Notifuse/notifuse/internal/domain/list.go:26.57,28.3 1 1
github.com/Notifuse/notifuse/internal/domain/list.go:29.2,29.12 1 1
github.com/Notifuse/notifuse/internal/domain/list.go:47.19,58.16 2 1
github.com/Notifuse/notifuse/internal/domain/list.go:58.16,60.3 1 1
github.com/Notifuse/notifuse/internal/domain/list.go:62.2,73.15 2 1
github.com/Notifuse/notifuse/internal/domain/list.go:87.84,89.57 1 1
github.com/Notifuse/notifuse/internal/domain/list.go:89.57,91.3 1 1
github.com/Notifuse/notifuse/internal/domain/list.go:93.2,100.23 1 1
github.com/Notifuse/notifuse/internal/domain/list.go:107.77,110.57 2 1
github.com/Notifuse/notifuse/internal/domain/list.go:110.57,112.3 1 1
github.com/Notifuse/notifuse/internal/domain/list.go:113.2,113.12 1 1
github.com/Notifuse/notifuse/internal/domain/list.go:121.76,125.57 3 1
github.com/Notifuse/notifuse/internal/domain/list.go:125.57,127.3 1 1
github.com/Notifuse/notifuse/internal/domain/list.go:128.2,128.12 1 1
github.com/Notifuse/notifuse/internal/domain/list.go:141.84,142.57 1 1
github.com/Notifuse/notifuse/internal/domain/list.go:142.57,144.3 1 1
github.com/Notifuse/notifuse/internal/domain/list.go:146.2,153.23 1 1
github.com/Notifuse/notifuse/internal/domain/list.go:161.72,162.57 1 1
github.com/Notifuse/notifuse/internal/domain/list.go:162.57,164.3 1 1
github.com/Notifuse/notifuse/internal/domain/list.go:165.2,165.27 1 1
github.com/Notifuse/notifuse/internal/domain/list.go:208.42,210.2 1 1
github.com/Notifuse/notifuse/internal/domain/nullable_json.go:20.55,21.18 1 1
github.com/Notifuse/notifuse/internal/domain/nullable_json.go:21.18,25.3 3 1
github.com/Notifuse/notifuse/internal/domain/nullable_json.go:28.2,28.27 1 1
github.com/Notifuse/notifuse/internal/domain/nullable_json.go:29.14,30.18 1 1
github.com/Notifuse/notifuse/internal/domain/nullable_json.go:30.18,34.4 3 1
github.com/Notifuse/notifuse/internal/domain/nullable_json.go:35.3,36.50 2 1
github.com/Notifuse/notifuse/internal/domain/nullable_json.go:36.50,38.4 1 1
github.com/Notifuse/notifuse/internal/domain/nullable_json.go:39.3,41.13 3 1
github.com/Notifuse/notifuse/internal/domain/nullable_json.go:42.14,43.14 1 1
github.com/Notifuse/notifuse/internal/domain/nullable_json.go:43.14,47.4 3 1
github.com/Notifuse/notifuse/internal/domain/nullable_json.go:48.3,49.58 2 1
github.com/Notifuse/notifuse/internal/domain/nullable_json.go:49.58,51.4 1 0
github.com/Notifuse/notifuse/internal/domain/nullable_json.go:52.3,54.13 3 1
github.com/Notifuse/notifuse/internal/domain/nullable_json.go:55.10,56.58 1 1
github.com/Notifuse/notifuse/internal/domain/nullable_json.go:62.54,63.33 1 1
github.com/Notifuse/notifuse/internal/domain/nullable_json.go:63.33,65.3 1 1
github.com/Notifuse/notifuse/internal/domain/nullable_json.go:67.2,67.30 1 1
github.com/Notifuse/notifuse/internal/domain/nullable_json.go:72.54,73.33 1 1
github.com/Notifuse/notifuse/internal/domain/nullable_json.go:73.33,75.3 1 1
github.com/Notifuse/notifuse/internal/domain/nullable_json.go:76.2,76.30 1 1
github.com/Notifuse/notifuse/internal/domain/nullable_json.go:81.58,83.28 1 1
github.com/Notifuse/notifuse/internal/domain/nullable_json.go:83.28,87.3 3 1
github.com/Notifuse/notifuse/internal/domain/nullable_json.go:89.2,90.53 2 1
github.com/Notifuse/notifuse/internal/domain/nullable_json.go:90.53,92.3 1 0
github.com/Notifuse/notifuse/internal/domain/nullable_json.go:94.2,96.12 3 1
github.com/Notifuse/notifuse/internal/domain/nullables.go:18.56,19.15 1 1
github.com/Notifuse/notifuse/internal/domain/nullables.go:19.15,21.3 1 1
github.com/Notifuse/notifuse/internal/domain/nullables.go:22.2,22.23 1 1
github.com/Notifuse/notifuse/internal/domain/nullables.go:26.57,27.18 1 1
github.com/Notifuse/notifuse/internal/domain/nullables.go:27.18,31.3 3 1
github.com/Notifuse/notifuse/internal/domain/nullables.go:33.2,33.27 1 1
github.com/Notifuse/notifuse/internal/domain/nullables.go:34.14,37.13 3 1
github.com/Notifuse/notifuse/internal/domain/nullables.go:38.14,41.13 3 1
github.com/Notifuse/notifuse/internal/domain/nullables.go:42.10,43.65 1 1
github.com/Notifuse/notifuse/internal/domain/nullables.go:48.56,49.15 1 1
github.com/Notifuse/notifuse/internal/domain/nullables.go:49.15,51.3 1 1
github.com/Notifuse/notifuse/internal/domain/nullables.go:52.2,52.43 1 1
github.com/Notifuse/notifuse/internal/domain/nullables.go:56.60,58.28 1 1
github.com/Notifuse/notifuse/internal/domain/nullables.go:58.28,62.3 3 1
github.com/Notifuse/notifuse/internal/domain/nullables.go:65.2,66.51 2 1
github.com/Notifuse/notifuse/internal/domain/nullables.go:66.51,70.3 3 1
github.com/Notifuse/notifuse/internal/domain/nullables.go:73.2,77.51 2 0
github.com/Notifuse/notifuse/internal/domain/nullables.go:77.51,79.3 1 0
github.com/Notifuse/notifuse/internal/domain/nullables.go:80.2,82.12 3 0
github.com/Notifuse/notifuse/internal/domain/nullables.go:92.57,93.15 1 1
github.com/Notifuse/notifuse/internal/domain/nullables.go:93.15,95.3 1 1
github.com/Notifuse/notifuse/internal/domain/nullables.go:96.2,96.24 1 1
github.com/Notifuse/notifuse/internal/domain/nullables.go:100.58,101.18 1 1
github.com/Notifuse/notifuse/internal/domain/nullables.go:101.18,105.3 3 1
github.com/Notifuse/notifuse/internal/domain/nullables.go:107.2,107.27 1 1
github.com/Notifuse/notifuse/internal/domain/nullables.go:108.15,111.13 3 1
github.com/Notifuse/notifuse/internal/domain/nullables.go:112.13,115.13 3 1
github.com/Notifuse/notifuse/internal/domain/nullables.go:116.14,119.35 2 1
github.com/Notifuse/notifuse/internal/domain/nullables.go:119.35,121.4 1 0
github.com/Notifuse/notifuse/internal/domain/nullables.go:122.3,124.13 3 1
github.com/Notifuse/notifuse/internal/domain/nullables.go:125.10,126.66 1 1
github.com/Notifuse/notifuse/internal/domain/nullables.go:131.57,132.15 1 1
github.com/Notifuse/notifuse/internal/domain/nullables.go:132.15,134.3 1 1
github.com/Notifuse/notifuse/internal/domain/nullables.go:135.2,135.51 1 1
github.com/Notifuse/notifuse/internal/domain/nullables.go:139.61,141.28 1 1
github.com/Notifuse/notifuse/internal/domain/nullables.go:141.28,145.3 3 1
github.com/Notifuse/notifuse/internal/domain/nullables.go:148.2,149.49 2 1
github.com/Notifuse/notifuse/internal/domain/nullables.go:149.49,153.3 3 1
github.com/Notifuse/notifuse/internal/domain/nullables.go:156.2,160.51 2 0
github.com/Notifuse/notifuse/internal/domain/nullables.go:160.51,162.3 1 0
github.com/Notifuse/notifuse/internal/domain/nullables.go:163.2,165.12 3 0
github.com/Notifuse/notifuse/internal/domain/nullables.go:175.54,176.15 1 1
github.com/Notifuse/notifuse/internal/domain/nullables.go:176.15,178.3 1 1
github.com/Notifuse/notifuse/internal/domain/nullables.go:179.2,179.21 1 1
github.com/Notifuse/notifuse/internal/domain/nullables.go:183.55,184.18 1 1
github.com/Notifuse/notifuse/internal/domain/nullables.go:184.18,188.3 3 1
github.com/Notifuse/notifuse/internal/domain/nullables.go:190.2,190.27 1 1
github.com/Notifuse/notifuse/internal/domain/nullables.go:191.17,194.13 3 1
github.com/Notifuse/notifuse/internal/domain/nullables.go:195.10,196.63 1 1
github.com/Notifuse/notifuse/internal/domain/nullables.go:201.54,202.15 1 1
github.com/Notifuse/notifuse/internal/domain/nullables.go:202.15,204.3 1 1
github.com/Notifuse/notifuse/internal/domain/nullables.go:205.2,205.71 1 1
github.com/Notifuse/notifuse/internal/domain/nullables.go:209.58,211.28 1 1
github.com/Notifuse/notifuse/internal/domain/nullables.go:211.28,215.3 3 1
github.com/Notifuse/notifuse/internal/domain/nullables.go:218.2,219.51 2 1
github.com/Notifuse/notifuse/internal/domain/nullables.go:219.51,222.17 2 1
github.com/Notifuse/notifuse/internal/domain/nullables.go:222.17,224.4 1 1
github.com/Notifuse/notifuse/internal/domain/nullables.go:225.3,227.13 3 1
github.com/Notifuse/notifuse/internal/domain/nullables.go:231.2,235.51 2 0
github.com/Notifuse/notifuse/internal/domain/nullables.go:235.51,237.3 1 0
github.com/Notifuse/notifuse/internal/domain/nullables.go:238.2,240.12 3 0
github.com/Notifuse/notifuse/internal/domain/timezones.go:432.44,433.31 1 1
github.com/Notifuse/notifuse/internal/domain/timezones.go:433.31,434.21 1 1
github.com/Notifuse/notifuse/internal/domain/timezones.go:434.21,436.4 1 1
github.com/Notifuse/notifuse/internal/domain/timezones.go:438.2,438.14 1 1
github.com/Notifuse/notifuse/internal/domain/user.go:58.42,60.2 1 1
github.com/Notifuse/notifuse/internal/domain/user.go:67.45,69.2 1 1
github.com/Notifuse/notifuse/internal/domain/workspace.go:30.38,32.79 1 1
github.com/Notifuse/notifuse/internal/domain/workspace.go:32.79,34.3 1 1
github.com/Notifuse/notifuse/internal/domain/workspace.go:37.2,37.57 1 1
github.com/Notifuse/notifuse/internal/domain/workspace.go:37.57,39.3 1 1
github.com/Notifuse/notifuse/internal/domain/workspace.go:42.2,42.67 1 1
github.com/Notifuse/notifuse/internal/domain/workspace.go:42.67,44.3 1 0
github.com/Notifuse/notifuse/internal/domain/workspace.go:46.2,46.12 1 1
github.com/Notifuse/notifuse/internal/domain/workspace.go:61.24,69.16 2 1
github.com/Notifuse/notifuse/internal/domain/workspace.go:69.16,71.3 1 1
github.com/Notifuse/notifuse/internal/domain/workspace.go:73.2,80.66 2 1
github.com/Notifuse/notifuse/internal/domain/workspace.go:80.66,82.3 1 1
github.com/Notifuse/notifuse/internal/domain/workspace.go:84.2,84.15 1 1
github.com/Notifuse/notifuse/internal/domain/workspace.go:103.43,104.58 1 1
github.com/Notifuse/notifuse/internal/domain/workspace.go:104.58,106.3 1 1
github.com/Notifuse/notifuse/internal/domain/workspace.go:107.2,107.12 1 1
github.com/Notifuse/notifuse/internal/domain/workspace.go:152.42,154.2 1 1
